<?xml version="1.0" encoding="UTF-8"?>
<testng-results ignored="0" total="1" passed="1" failed="0" skipped="0">
  <reporter-output>
  </reporter-output>
  <suite started-at="2024-04-18T15:46:32 IST" name="Default suite" finished-at="2024-04-18T15:47:15 IST" duration-ms="43183">
    <groups>
      <group name="cucumber">
        <method signature="AbstractTestNGCucumberTests.runScenario(io.cucumber.testng.PickleWrapper,io.cucumber.testng.FeatureWrapper)[pri:0, instance:shikshaRunner.TestRunner1$TestRunner@55cb6996]" name="runScenario" class="io.cucumber.testng.AbstractTestNGCucumberTests"/>
      </group> <!-- cucumber -->
    </groups>
    <test started-at="2024-04-18T15:46:32 IST" name="Default test" finished-at="2024-04-18T15:47:15 IST" duration-ms="43183">
      <class name="shikshaRunner.TestRunner1$TestRunner">
        <test-method is-config="true" signature="setUpClass(org.testng.ITestContext)[pri:0, instance:shikshaRunner.TestRunner1$TestRunner@55cb6996]" started-at="2024-04-18T15:46:32 IST" name="setUpClass" finished-at="2024-04-18T15:46:34 IST" duration-ms="1385" status="PASS">
          <params>
            <param index="0">
              <value>
                <![CDATA[org.testng.TestRunner@bb8ead8]]>
              </value>
            </param>
          </params>
          <reporter-output>
          </reporter-output>
        </test-method> <!-- setUpClass -->
        <test-method signature="runScenario(io.cucumber.testng.PickleWrapper,io.cucumber.testng.FeatureWrapper)[pri:0, instance:shikshaRunner.TestRunner1$TestRunner@55cb6996]" started-at="2024-04-18T15:46:34 IST" name="runScenario" description="Runs Cucumber Scenarios" data-provider="scenarios" finished-at="2024-04-18T15:47:15 IST" duration-ms="40851" status="PASS">
          <params>
            <param index="0">
              <value>
                <![CDATA["To test the functinality of rating feedback form for valid credentials"]]>
              </value>
            </param>
            <param index="1">
              <value>
                <![CDATA["To test the functionality of max()Function in Python"]]>
              </value>
            </param>
          </params>
          <reporter-output>
          </reporter-output>
        </test-method> <!-- runScenario -->
        <test-method is-config="true" signature="tearDownClass()[pri:0, instance:shikshaRunner.TestRunner1$TestRunner@55cb6996]" started-at="2024-04-18T15:47:15 IST" name="tearDownClass" finished-at="2024-04-18T15:47:15 IST" duration-ms="827" status="PASS">
          <reporter-output>
          </reporter-output>
        </test-method> <!-- tearDownClass -->
      </class> <!-- shikshaRunner.TestRunner1$TestRunner -->
    </test> <!-- Default test -->
  </suite> <!-- Default suite -->
</testng-results>
